Using pre-set license
Built from '2020.3/staging' branch; Version is '2020.3.26f1 (7298b473bc1a) revision 7510196'; Using compiler version '192528614'; Build Type 'Release'
OS: 'Windows 10  (10.0.19044) 64bit Core' Language: 'en' Physical Memory: 16308 MB
BatchMode: 1, IsHumanControllingUs: 0, StartBugReporterOnCrash: 0, Is64bit: 1, IsPro: 0

COMMAND LINE ARGUMENTS:
C:\Program Files\Unity 2020.3.26f1\Editor\Unity.exe
-adb2
-batchMode
-noUpm
-name
AssetImportWorker0
-projectPath
C:/Users/Garron/Documents/GitHub/Mission-Demoliton/MissionDemolition-Unity
-logFile
Logs/AssetImportWorker0.log
-srvPort
52227
Successfully changed project path to: C:/Users/Garron/Documents/GitHub/Mission-Demoliton/MissionDemolition-Unity
C:/Users/Garron/Documents/GitHub/Mission-Demoliton/MissionDemolition-Unity
Using Asset Import Pipeline V2.
Refreshing native plugins compatible for Editor in 28.13 ms, found 2 plugins.
Preloading 0 native plugins for Editor in 0.00 ms.
Initialize engine version: 2020.3.26f1 (7298b473bc1a)
[Subsystems] Discovering subsystems at path C:/Program Files/Unity 2020.3.26f1/Editor/Data/Resources/UnitySubsystems
[Subsystems] Discovering subsystems at path C:/Users/Garron/Documents/GitHub/Mission-Demoliton/MissionDemolition-Unity/Assets
GfxDevice: creating device client; threaded=0
Direct3D:
    Version:  Direct3D 11.0 [level 11.1]
    Renderer: NVIDIA GeForce GTX 1080 Ti (ID=0x1b06)
    Vendor:   
    VRAM:     11127 MB
    Driver:   27.21.14.5751
Initialize mono
Mono path[0] = 'C:/Program Files/Unity 2020.3.26f1/Editor/Data/Managed'
Mono path[1] = 'C:/Program Files/Unity 2020.3.26f1/Editor/Data/MonoBleedingEdge/lib/mono/unityjit'
Mono config path = 'C:/Program Files/Unity 2020.3.26f1/Editor/Data/MonoBleedingEdge/etc'
Using monoOptions --debugger-agent=transport=dt_socket,embedding=1,server=y,suspend=n,address=127.0.0.1:56428
Begin MonoManager ReloadAssembly
Registering precompiled unity dll's ...
Register platform support module: C:/Program Files/Unity 2020.3.26f1/Editor/Data/PlaybackEngines/WindowsStandaloneSupport/UnityEditor.WindowsStandalone.Extensions.dll
Registered in 0.002012 seconds.
Native extension for WindowsStandalone target not found
Refreshing native plugins compatible for Editor in 30.73 ms, found 2 plugins.
Preloading 0 native plugins for Editor in 0.00 ms.
Mono: successfully reloaded assembly
- Completed reload, in  0.525 seconds
Domain Reload Profiling:
	ReloadAssembly (525ms)
		BeginReloadAssembly (53ms)
			ExecutionOrderSort (0ms)
			DisableScriptedObjects (0ms)
			BackupInstance (0ms)
			ReleaseScriptingObjects (0ms)
			CreateAndSetChildDomain (1ms)
		EndReloadAssembly (405ms)
			LoadAssemblies (51ms)
			RebuildTransferFunctionScriptingTraits (0ms)
			SetupTypeCache (148ms)
			ReleaseScriptCaches (0ms)
			RebuildScriptCaches (32ms)
			SetupLoadedEditorAssemblies (137ms)
				LogAssemblyErrors (0ms)
				InitializePlatformSupportModulesInManaged (4ms)
				SetLoadedEditorAssemblies (0ms)
				RefreshPlugins (31ms)
				BeforeProcessingInitializeOnLoad (7ms)
				ProcessInitializeOnLoadAttributes (71ms)
				ProcessInitializeOnLoadMethodAttributes (23ms)
				AfterProcessingInitializeOnLoad (0ms)
				EditorAssembliesLoaded (0ms)
			ExecutionOrderSort2 (0ms)
			AwakeInstancesAfterBackupRestoration (0ms)
Platform modules already initialized, skipping
Registering precompiled user dll's ...
Registered in 0.004411 seconds.
Begin MonoManager ReloadAssembly
Symbol file data-000001F42A42B410 doesn't match image C:\Users\Garron\Documents\GitHub\Mission-Demoliton\MissionDemolition-Unity\Library\ScriptAssemblies\Unity.Services.Core.Editor.dll
Symbol file LoadedFromMemory is not a mono symbol file
Symbol file data-000001F429DCC910 doesn't match image C:\Users\Garron\Documents\GitHub\Mission-Demoliton\MissionDemolition-Unity\Library\ScriptAssemblies\Unity.VSCode.Editor.dll
Symbol file LoadedFromMemory is not a mono symbol file
Symbol file data-000001F429411020 doesn't match image C:\Users\Garron\Documents\GitHub\Mission-Demoliton\MissionDemolition-Unity\Library\ScriptAssemblies\Unity.TextMeshPro.Editor.dll
Symbol file LoadedFromMemory is not a mono symbol file
Symbol file data-000001F42A42B410 doesn't match image C:\Users\Garron\Documents\GitHub\Mission-Demoliton\MissionDemolition-Unity\Library\ScriptAssemblies\Unity.VisualStudio.Editor.dll
Symbol file LoadedFromMemory is not a mono symbol file
Symbol file data-000001F429087530 doesn't match image C:\Users\Garron\Documents\GitHub\Mission-Demoliton\MissionDemolition-Unity\Library\ScriptAssemblies\UnityEngine.TestRunner.dll
Symbol file LoadedFromMemory is not a mono symbol file
Symbol file data-000001F4291C5020 doesn't match image C:\Users\Garron\Documents\GitHub\Mission-Demoliton\MissionDemolition-Unity\Library\ScriptAssemblies\Unity.Timeline.Editor.dll
Symbol file LoadedFromMemory is not a mono symbol file
Symbol file data-000001F429087530 doesn't match image C:\Users\Garron\Documents\GitHub\Mission-Demoliton\MissionDemolition-Unity\Library\ScriptAssemblies\Unity.Timeline.dll
Symbol file LoadedFromMemory is not a mono symbol file
Symbol file data-000001F4291C5020 doesn't match image C:\Users\Garron\Documents\GitHub\Mission-Demoliton\MissionDemolition-Unity\Library\ScriptAssemblies\Unity.TextMeshPro.dll
Symbol file LoadedFromMemory is not a mono symbol file
Symbol file data-000001F429087530 doesn't match image C:\Users\Garron\Documents\GitHub\Mission-Demoliton\MissionDemolition-Unity\Library\ScriptAssemblies\Unity.CollabProxy.Editor.dll
Symbol file LoadedFromMemory is not a mono symbol file
Symbol file data-000001F429441040 doesn't match image C:\Users\Garron\Documents\GitHub\Mission-Demoliton\MissionDemolition-Unity\Library\ScriptAssemblies\UnityEditor.TestRunner.dll
Symbol file LoadedFromMemory is not a mono symbol file
Symbol file data-000001F42A42B410 doesn't match image C:\Users\Garron\Documents\GitHub\Mission-Demoliton\MissionDemolition-Unity\Library\ScriptAssemblies\UnityEditor.UI.dll
Symbol file LoadedFromMemory is not a mono symbol file
Symbol file data-000001F4293BD020 doesn't match image C:\Users\Garron\Documents\GitHub\Mission-Demoliton\MissionDemolition-Unity\Library\ScriptAssemblies\Unity.PlasticSCM.Editor.dll
Symbol file LoadedFromMemory is not a mono symbol file
Symbol file data-000001F4256AAC40 doesn't match image C:\Users\Garron\Documents\GitHub\Mission-Demoliton\MissionDemolition-Unity\Library\ScriptAssemblies\Unity.Rider.Editor.dll
Symbol file LoadedFromMemory is not a mono symbol file
Symbol file data-000001F429315020 doesn't match image C:\Users\Garron\Documents\GitHub\Mission-Demoliton\MissionDemolition-Unity\Library\ScriptAssemblies\UnityEngine.UI.dll
Symbol file LoadedFromMemory is not a mono symbol file
Native extension for WindowsStandalone target not found
Refreshing native plugins compatible for Editor in 0.28 ms, found 2 plugins.
Preloading 0 native plugins for Editor in 0.00 ms.
Mono: successfully reloaded assembly
- Completed reload, in  0.823 seconds
Domain Reload Profiling:
	ReloadAssembly (824ms)
		BeginReloadAssembly (119ms)
			ExecutionOrderSort (0ms)
			DisableScriptedObjects (4ms)
			BackupInstance (0ms)
			ReleaseScriptingObjects (0ms)
			CreateAndSetChildDomain (16ms)
		EndReloadAssembly (652ms)
			LoadAssemblies (71ms)
			RebuildTransferFunctionScriptingTraits (0ms)
			SetupTypeCache (232ms)
			ReleaseScriptCaches (0ms)
			RebuildScriptCaches (39ms)
			SetupLoadedEditorAssemblies (227ms)
				LogAssemblyErrors (0ms)
				InitializePlatformSupportModulesInManaged (4ms)
				SetLoadedEditorAssemblies (0ms)
				RefreshPlugins (0ms)
				BeforeProcessingInitializeOnLoad (46ms)
				ProcessInitializeOnLoadAttributes (164ms)
				ProcessInitializeOnLoadMethodAttributes (7ms)
				AfterProcessingInitializeOnLoad (6ms)
				EditorAssembliesLoaded (0ms)
			ExecutionOrderSort2 (0ms)
			AwakeInstancesAfterBackupRestoration (6ms)
Platform modules already initialized, skipping
========================================================================
Worker process is ready to serve import requests
Launched and connected shader compiler UnityShaderCompiler.exe after 0.07 seconds
Refreshing native plugins compatible for Editor in 0.27 ms, found 2 plugins.
Preloading 0 native plugins for Editor in 0.00 ms.
Unloading 1507 Unused Serialized files (Serialized files now loaded: 0)
System memory in use before: 68.5 MB.
System memory in use after: 68.6 MB.

Unloading 19 unused Assets to reduce memory usage. Loaded Objects now: 1941.
Total: 2.063100 ms (FindLiveObjects: 0.141800 ms CreateObjectMapping: 0.044300 ms MarkObjects: 1.827400 ms  DeleteObjects: 0.049000 ms)

AssetImportParameters requested are different than current active one (requested -> active):
  custom:framework-win-MediaFoundation: 216162199b28c13a410421893ffa2e32 -> 
  custom:video-decoder-ogg-theora: a1e56fd34408186e4bbccfd4996cb3dc -> 
  custom:container-muxer-webm: aa71ff27fc2769a1b78a27578f13a17b -> 
  custom:container-demuxer-webm: 4f35f7cbe854078d1ac9338744f61a02 -> 
  custom:container-demuxer-ogg: 62fdf1f143b41e24485cea50d1cbac27 -> 
  custom:video-encoder-webm-vp8: eb34c28f22e8b96e1ab97ce403110664 -> 
  custom:video-decoder-webm-vp8: 9c59270c3fd7afecdb556c50c9e8de78 -> 
  custom:audio-decoder-ogg-vorbis: bf7c407c2cedff20999df2af8eb42d56 -> 
  custom:audio-encoder-webm-vorbis: bf7c407c2cedff20999df2af8eb42d56 -> 
========================================================================
Received Import Request.
  path: Assets/Assets/Wall_Stone.prefab
  artifactKey: Guid(b2e6a72ada806a34ea12e379115afe5b) Importer(815301076,1909f56bfc062723c751e8b465ee728b)
Start importing Assets/Assets/Wall_Stone.prefab using Guid(b2e6a72ada806a34ea12e379115afe5b) Importer(815301076,1909f56bfc062723c751e8b465ee728b)  -> (artifact id: 'b607df3b0b5e9b048e64fbc022ba4bf1') in 0.092793 seconds 
  Import took 0.094916 seconds .

========================================================================
Received Import Request.
  Time since last request: 187.762189 seconds.
  path: Assets/Assets/Wall_Stone_H.prefab
  artifactKey: Guid(c486ce9dcbd687946b6fcc51067c750c) Importer(815301076,1909f56bfc062723c751e8b465ee728b)
Start importing Assets/Assets/Wall_Stone_H.prefab using Guid(c486ce9dcbd687946b6fcc51067c750c) Importer(815301076,1909f56bfc062723c751e8b465ee728b)  -> (artifact id: '277d0e9b1022464bc864323bf36cbdf1') in 0.015651 seconds 
  Import took 0.018739 seconds .

========================================================================
Received Import Request.
  Time since last request: 443.574173 seconds.
  path: Assets/Assets/Materials
  artifactKey: Guid(11cbe227fe984464aae4e120c3278cf0) Importer(815301076,1909f56bfc062723c751e8b465ee728b)
Start importing Assets/Assets/Materials using Guid(11cbe227fe984464aae4e120c3278cf0) Importer(815301076,1909f56bfc062723c751e8b465ee728b)  -> (artifact id: '6f835f73794a8225fdf55e3afde6249c') in 0.007548 seconds 
  Import took 0.010503 seconds .

========================================================================
Received Import Request.
  Time since last request: 0.046911 seconds.
  path: Assets/Assets/Materials/Mat_Cloud.mat
  artifactKey: Guid(03e5333a7ede30945865cb7d769cb5e6) Importer(815301076,1909f56bfc062723c751e8b465ee728b)
Start importing Assets/Assets/Materials/Mat_Cloud.mat using Guid(03e5333a7ede30945865cb7d769cb5e6) Importer(815301076,1909f56bfc062723c751e8b465ee728b)  -> (artifact id: '662f4086488eda4f6a8faf4844ae4356') in 0.032092 seconds 
  Import took 0.034410 seconds .

========================================================================
Received Import Request.
  Time since last request: 0.000141 seconds.
  path: Assets/Assets/Materials/Mat_Slingshot.mat
  artifactKey: Guid(c2e22b203111ff445ac7387c860345ff) Importer(815301076,1909f56bfc062723c751e8b465ee728b)
Start importing Assets/Assets/Materials/Mat_Slingshot.mat using Guid(c2e22b203111ff445ac7387c860345ff) Importer(815301076,1909f56bfc062723c751e8b465ee728b)  -> (artifact id: 'c73cee4bd637238adead201eff24917c') in 0.013716 seconds 
  Import took 0.016436 seconds .

========================================================================
Received Import Request.
  Time since last request: 0.000183 seconds.
  path: Assets/Assets/Materials/Mat_Projectile.mat
  artifactKey: Guid(6d42b8773ec815747bce86b42cda22a7) Importer(815301076,1909f56bfc062723c751e8b465ee728b)
Start importing Assets/Assets/Materials/Mat_Projectile.mat using Guid(6d42b8773ec815747bce86b42cda22a7) Importer(815301076,1909f56bfc062723c751e8b465ee728b)  -> (artifact id: '145cd0f1b46eae350618d9e8b20838b4') in 0.012380 seconds 
  Import took 0.015467 seconds .

========================================================================
Received Import Request.
  Time since last request: 0.000163 seconds.
  path: Assets/Assets/Materials/Mat_Ground.mat
  artifactKey: Guid(e78e0af2310e15747a3e5b5af986e410) Importer(815301076,1909f56bfc062723c751e8b465ee728b)
Start importing Assets/Assets/Materials/Mat_Ground.mat using Guid(e78e0af2310e15747a3e5b5af986e410) Importer(815301076,1909f56bfc062723c751e8b465ee728b)  -> (artifact id: '90fcf5611170805061cd7ade27e2501c') in 0.011096 seconds 
  Import took 0.013710 seconds .

========================================================================
Received Import Request.
  Time since last request: 39.429447 seconds.
  path: Assets/Assets/Materials/Mat_Goal.mat
  artifactKey: Guid(9fe3284c689b8924ea0ad82515de3649) Importer(815301076,1909f56bfc062723c751e8b465ee728b)
Start importing Assets/Assets/Materials/Mat_Goal.mat using Guid(9fe3284c689b8924ea0ad82515de3649) Importer(815301076,1909f56bfc062723c751e8b465ee728b)  -> (artifact id: 'ee50907c1a395b786e04bd64f7eb9a9b') in 0.012131 seconds 
  Import took 0.015403 seconds .

========================================================================
Received Import Request.
  Time since last request: 121.243395 seconds.
  path: Assets/Assets/Materials/Mat_Goal.mat
  artifactKey: Guid(9fe3284c689b8924ea0ad82515de3649) Importer(815301076,1909f56bfc062723c751e8b465ee728b)
Start importing Assets/Assets/Materials/Mat_Goal.mat using Guid(9fe3284c689b8924ea0ad82515de3649) Importer(815301076,1909f56bfc062723c751e8b465ee728b)  -> (artifact id: 'a2a94d59908dcdcdd8cd80fee56b6b99') in 0.016476 seconds 
  Import took 0.018982 seconds .

========================================================================
Received Prepare
Registering precompiled user dll's ...
Registered in 0.006062 seconds.
Begin MonoManager ReloadAssembly
Symbol file data-000001F42560B040 doesn't match image C:\Users\Garron\Documents\GitHub\Mission-Demoliton\MissionDemolition-Unity\Library\ScriptAssemblies\Unity.Services.Core.Editor.dll
Symbol file LoadedFromMemory is not a mono symbol file
Symbol file data-000001F42CD9FE50 doesn't match image C:\Users\Garron\Documents\GitHub\Mission-Demoliton\MissionDemolition-Unity\Library\ScriptAssemblies\Unity.VSCode.Editor.dll
Symbol file LoadedFromMemory is not a mono symbol file
Symbol file data-000001F42D6A6FE0 doesn't match image C:\Users\Garron\Documents\GitHub\Mission-Demoliton\MissionDemolition-Unity\Library\ScriptAssemblies\Unity.TextMeshPro.Editor.dll
Symbol file LoadedFromMemory is not a mono symbol file
Symbol file data-000001F42560B040 doesn't match image C:\Users\Garron\Documents\GitHub\Mission-Demoliton\MissionDemolition-Unity\Library\ScriptAssemblies\Unity.VisualStudio.Editor.dll
Symbol file LoadedFromMemory is not a mono symbol file
Symbol file data-000001F42CDFBED0 doesn't match image C:\Users\Garron\Documents\GitHub\Mission-Demoliton\MissionDemolition-Unity\Library\ScriptAssemblies\UnityEngine.TestRunner.dll
Symbol file LoadedFromMemory is not a mono symbol file
Symbol file data-000001F424F0FDF0 doesn't match image C:\Users\Garron\Documents\GitHub\Mission-Demoliton\MissionDemolition-Unity\Library\ScriptAssemblies\Unity.Timeline.Editor.dll
Symbol file LoadedFromMemory is not a mono symbol file
Symbol file data-000001F42CEB6020 doesn't match image C:\Users\Garron\Documents\GitHub\Mission-Demoliton\MissionDemolition-Unity\Library\ScriptAssemblies\Unity.Timeline.dll
Symbol file LoadedFromMemory is not a mono symbol file
Symbol file data-000001F429646010 doesn't match image C:\Users\Garron\Documents\GitHub\Mission-Demoliton\MissionDemolition-Unity\Library\ScriptAssemblies\Unity.TextMeshPro.dll
Symbol file LoadedFromMemory is not a mono symbol file
Symbol file data-000001F42CDFBED0 doesn't match image C:\Users\Garron\Documents\GitHub\Mission-Demoliton\MissionDemolition-Unity\Library\ScriptAssemblies\Unity.CollabProxy.Editor.dll
Symbol file LoadedFromMemory is not a mono symbol file
Symbol file data-000001F429345C50 doesn't match image C:\Users\Garron\Documents\GitHub\Mission-Demoliton\MissionDemolition-Unity\Library\ScriptAssemblies\UnityEditor.TestRunner.dll
Symbol file LoadedFromMemory is not a mono symbol file
Symbol file data-000001F42560B040 doesn't match image C:\Users\Garron\Documents\GitHub\Mission-Demoliton\MissionDemolition-Unity\Library\ScriptAssemblies\UnityEditor.UI.dll
Symbol file LoadedFromMemory is not a mono symbol file
Symbol file data-000001F424C12010 doesn't match image C:\Users\Garron\Documents\GitHub\Mission-Demoliton\MissionDemolition-Unity\Library\ScriptAssemblies\Unity.PlasticSCM.Editor.dll
Symbol file LoadedFromMemory is not a mono symbol file
Symbol file data-000001F42560B040 doesn't match image C:\Users\Garron\Documents\GitHub\Mission-Demoliton\MissionDemolition-Unity\Library\ScriptAssemblies\Unity.Rider.Editor.dll
Symbol file LoadedFromMemory is not a mono symbol file
Symbol file data-000001F42D0EE030 doesn't match image C:\Users\Garron\Documents\GitHub\Mission-Demoliton\MissionDemolition-Unity\Library\ScriptAssemblies\UnityEngine.UI.dll
Symbol file LoadedFromMemory is not a mono symbol file
Native extension for WindowsStandalone target not found
Refreshing native plugins compatible for Editor in 0.33 ms, found 2 plugins.
Preloading 0 native plugins for Editor in 0.00 ms.
Mono: successfully reloaded assembly
- Completed reload, in  0.867 seconds
Domain Reload Profiling:
	ReloadAssembly (868ms)
		BeginReloadAssembly (112ms)
			ExecutionOrderSort (0ms)
			DisableScriptedObjects (4ms)
			BackupInstance (0ms)
			ReleaseScriptingObjects (0ms)
			CreateAndSetChildDomain (30ms)
		EndReloadAssembly (703ms)
			LoadAssemblies (79ms)
			RebuildTransferFunctionScriptingTraits (0ms)
			SetupTypeCache (249ms)
			ReleaseScriptCaches (1ms)
			RebuildScriptCaches (37ms)
			SetupLoadedEditorAssemblies (246ms)
				LogAssemblyErrors (0ms)
				InitializePlatformSupportModulesInManaged (4ms)
				SetLoadedEditorAssemblies (0ms)
				RefreshPlugins (0ms)
				BeforeProcessingInitializeOnLoad (49ms)
				ProcessInitializeOnLoadAttributes (177ms)
				ProcessInitializeOnLoadMethodAttributes (8ms)
				AfterProcessingInitializeOnLoad (7ms)
				EditorAssembliesLoaded (0ms)
			ExecutionOrderSort2 (0ms)
			AwakeInstancesAfterBackupRestoration (5ms)
Platform modules already initialized, skipping
Refreshing native plugins compatible for Editor in 0.29 ms, found 2 plugins.
Preloading 0 native plugins for Editor in 0.00 ms.
Unloading 1501 Unused Serialized files (Serialized files now loaded: 0)
System memory in use before: 72.0 MB.
System memory in use after: 72.1 MB.

Unloading 15 unused Assets to reduce memory usage. Loaded Objects now: 1985.
Total: 2.020800 ms (FindLiveObjects: 0.120900 ms CreateObjectMapping: 0.039900 ms MarkObjects: 1.842600 ms  DeleteObjects: 0.016600 ms)

AssetImportParameters requested are different than current active one (requested -> active):
  custom:framework-win-MediaFoundation: 216162199b28c13a410421893ffa2e32 -> 
  custom:video-decoder-ogg-theora: a1e56fd34408186e4bbccfd4996cb3dc -> 
  custom:container-muxer-webm: aa71ff27fc2769a1b78a27578f13a17b -> 
  custom:container-demuxer-webm: 4f35f7cbe854078d1ac9338744f61a02 -> 
  custom:container-demuxer-ogg: 62fdf1f143b41e24485cea50d1cbac27 -> 
  custom:video-encoder-webm-vp8: eb34c28f22e8b96e1ab97ce403110664 -> 
  custom:video-decoder-webm-vp8: 9c59270c3fd7afecdb556c50c9e8de78 -> 
  custom:audio-decoder-ogg-vorbis: bf7c407c2cedff20999df2af8eb42d56 -> 
  custom:audio-encoder-webm-vorbis: bf7c407c2cedff20999df2af8eb42d56 -> 
AssetImportWorkerClient::OnTransportError - code=2 error=End of file
